<?xml version="1.0" encoding="utf-8"?><testsuites name="pytest tests"><testsuite name="pytest" errors="0" failures="0" skipped="0" tests="32" time="24.664" timestamp="2026-04-28T14:04:09.197548+00:00" hostname="agent-env-33946d91-b40b-45ad-a424-2e1a921d7aac"><testcase classname="backend.tests.backend_test_v2" name="test_calc_config_get" time="0.560" /><testcase classname="backend.tests.backend_test_v2" name="test_calc_config_update_admin_and_reflected" time="0.522" /><testcase classname="backend.tests.backend_test_v2" name="test_calc_config_viewer_403" time="0.470" /><testcase classname="backend.tests.backend_test_v2" name="test_integration_list" time="0.264" /><testcase classname="backend.tests.backend_test_v2" name="test_integration_business_can_list_not_create" time="0.646" /><testcase classname="backend.tests.backend_test_v2" name="test_integration_update" time="0.120" /><testcase classname="backend.tests.backend_test_v2" name="test_integration_test_run" time="0.378" /><testcase classname="backend.tests.backend_test_v2" name="test_audit_logs" time="0.127" /><testcase classname="backend.tests.backend_test_v2" name="test_audit_logs_viewer_403" time="0.124" /><testcase classname="backend.tests.backend_test_v2" name="test_sales_upsert" time="0.573" /><testcase classname="backend.tests.backend_test_v2" name="test_sales_viewer_403" time="0.151" /><testcase classname="backend.tests.backend_test_v2" name="test_kpi_upsert" time="0.568" /><testcase classname="backend.tests.backend_test_v2" name="test_photo_add_and_delete" time="0.394" /><testcase classname="backend.tests.backend_test_v2" name="test_dealer_pdf" time="0.131" /><testcase classname="backend.tests.backend_test_v2" name="test_group_dashboard_outlets" time="0.287" /><testcase classname="backend.tests.backend_test_v2" name="test_import_missing_columns" time="0.249" /><testcase classname="backend.tests.backend_test_v2" name="test_import_skips_missing_required" time="0.313" /><testcase classname="backend.tests.backend_test" name="test_login_invalid" time="0.342" /><testcase classname="backend.tests.backend_test" name="test_me" time="0.484" /><testcase classname="backend.tests.backend_test" name="test_me_no_token" time="0.133" /><testcase classname="backend.tests.backend_test" name="test_logout" time="0.460" /><testcase classname="backend.tests.backend_test" name="test_dealers_list" time="0.136" /><testcase classname="backend.tests.backend_test" name="test_dealer_filter_group" time="0.141" /><testcase classname="backend.tests.backend_test" name="test_dealer_filter_region" time="0.141" /><testcase classname="backend.tests.backend_test" name="test_dealer_get_one" time="0.282" /><testcase classname="backend.tests.backend_test" name="test_create_dealer_admin_and_viewer_403" time="0.901" /><testcase classname="backend.tests.backend_test" name="test_group_dashboard" time="11.458" /><testcase classname="backend.tests.backend_test" name="test_overview" time="0.159" /><testcase classname="backend.tests.backend_test" name="test_benchmarks" time="3.345" /><testcase classname="backend.tests.backend_test" name="test_export" time="0.137" /><testcase classname="backend.tests.backend_test" name="test_import" time="0.136" /><testcase classname="backend.tests.backend_test" name="test_import_viewer_403" time="0.138" /></testsuite></testsuites>