<?xml version="1.0" encoding="utf-8"?><testsuites name="pytest tests"><testsuite name="pytest" errors="0" failures="0" skipped="0" tests="15" time="5.250" timestamp="2026-04-28T13:02:57.052186+00:00" hostname="agent-env-33946d91-b40b-45ad-a424-2e1a921d7aac"><testcase classname="backend.tests.backend_test" name="test_login_invalid" time="0.513" /><testcase classname="backend.tests.backend_test" name="test_me" time="0.536" /><testcase classname="backend.tests.backend_test" name="test_me_no_token" time="0.113" /><testcase classname="backend.tests.backend_test" name="test_logout" time="0.453" /><testcase classname="backend.tests.backend_test" name="test_dealers_list" time="0.180" /><testcase classname="backend.tests.backend_test" name="test_dealer_filter_group" time="0.123" /><testcase classname="backend.tests.backend_test" name="test_dealer_filter_region" time="0.165" /><testcase classname="backend.tests.backend_test" name="test_dealer_get_one" time="0.297" /><testcase classname="backend.tests.backend_test" name="test_create_dealer_admin_and_viewer_403" time="1.090" /><testcase classname="backend.tests.backend_test" name="test_group_dashboard" time="0.340" /><testcase classname="backend.tests.backend_test" name="test_overview" time="0.119" /><testcase classname="backend.tests.backend_test" name="test_benchmarks" time="0.233" /><testcase classname="backend.tests.backend_test" name="test_export" time="0.296" /><testcase classname="backend.tests.backend_test" name="test_import" time="0.219" /><testcase classname="backend.tests.backend_test" name="test_import_viewer_403" time="0.113" /></testsuite></testsuites>